{"meta": {"format": 3, "version": "7.13.5", "timestamp": "2026-04-03T10:49:37.828664", "branch_coverage": false, "show_contexts": false}, "files": {"server.py": {"executed_lines": [1, 3, 4, 5, 6, 7, 9, 10, 12, 13, 15, 16, 17, 18, 21, 22, 25, 26, 27, 30, 33, 36, 44, 53, 63, 71, 76], "summary": {"covered_lines": 27, "num_statements": 48, "percent_covered": 56.25, "percent_covered_display": "56", "missing_lines": 21, "excluded_lines": 0, "percent_statements_covered": 56.25, "percent_statements_covered_display": "56"}, "missing_lines": [28, 31, 37, 38, 39, 40, 41, 46, 47, 48, 50, 55, 56, 57, 58, 60, 64, 68, 72, 73, 77], "excluded_lines": [], "functions": {"build_http_handler": {"executed_lines": [26, 27, 30, 33], "summary": {"covered_lines": 4, "num_statements": 4, "percent_covered": 100.0, "percent_covered_display": "100", "missing_lines": 0, "excluded_lines": 0, "percent_statements_covered": 100.0, "percent_statements_covered_display": "100"}, "missing_lines": [], "excluded_lines": [], "start_line": 25}, "build_http_handler.Handler.__init__": {"executed_lines": [], "summary": {"covered_lines": 0, "num_statements": 1, "percent_covered": 0.0, "percent_covered_display": "0", "missing_lines": 1, "excluded_lines": 0, "percent_statements_covered": 0.0, "percent_statements_covered_display": "0"}, "missing_lines": [28], "excluded_lines": [], "start_line": 27}, "build_http_handler.Handler.log_message": {"executed_lines": [], "summary": {"covered_lines": 0, "num_statements": 1, "percent_covered": 0.0, "percent_covered_display": "0", "missing_lines": 1, "excluded_lines": 0, "percent_statements_covered": 0.0, "percent_statements_covered_display": "0"}, "missing_lines": [31], "excluded_lines": [], "start_line": 30}, "start_http_server": {"executed_lines": [], "summary": {"covered_lines": 0, "num_statements": 5, "percent_covered": 0.0, "percent_covered_display": "0", "missing_lines": 5, "excluded_lines": 0, "percent_statements_covered": 0.0, "percent_statements_covered_display": "0"}, "missing_lines": [37, 38, 39, 40, 41], "excluded_lines": [], "start_line": 36}, "_handle_browser": {"executed_lines": [], "summary": {"covered_lines": 0, "num_statements": 4, "percent_covered": 0.0, "percent_covered_display": "0", "missing_lines": 4, "excluded_lines": 0, "percent_statements_covered": 0.0, "percent_statements_covered_display": "0"}, "missing_lines": [46, 47, 48, 50], "excluded_lines": [], "start_line": 44}, "_handle_pi": {"executed_lines": [], "summary": {"covered_lines": 0, "num_statements": 5, "percent_covered": 0.0, "percent_covered_display": "0", "missing_lines": 5, "excluded_lines": 0, "percent_statements_covered": 0.0, "percent_statements_covered_display": "0"}, "missing_lines": [55, 56, 57, 58, 60], "excluded_lines": [], "start_line": 53}, "run_ws_server": {"executed_lines": [], "summary": {"covered_lines": 0, "num_statements": 2, "percent_covered": 0.0, "percent_covered_display": "0", "missing_lines": 2, "excluded_lines": 0, "percent_statements_covered": 0.0, "percent_statements_covered_display": "0"}, "missing_lines": [64, 68], "excluded_lines": [], "start_line": 63}, "main": {"executed_lines": [], "summary": {"covered_lines": 0, "num_statements": 2, "percent_covered": 0.0, "percent_covered_display": "0", "missing_lines": 2, "excluded_lines": 0, "percent_statements_covered": 0.0, "percent_statements_covered_display": "0"}, "missing_lines": [72, 73], "excluded_lines": [], "start_line": 71}, "": {"executed_lines": [1, 3, 4, 5, 6, 7, 9, 10, 12, 13, 15, 16, 17, 18, 21, 22, 25, 36, 44, 53, 63, 71, 76], "summary": {"covered_lines": 23, "num_statements": 24, "percent_covered": 95.83333333333333, "percent_covered_display": "96", "missing_lines": 1, "excluded_lines": 0, "percent_statements_covered": 95.83333333333333, "percent_statements_covered_display": "96"}, "missing_lines": [77], "excluded_lines": [], "start_line": 1}}, "classes": {"build_http_handler.Handler": {"executed_lines": [], "summary": {"covered_lines": 0, "num_statements": 2, "percent_covered": 0.0, "percent_covered_display": "0", "missing_lines": 2, "excluded_lines": 0, "percent_statements_covered": 0.0, "percent_statements_covered_display": "0"}, "missing_lines": [28, 31], "excluded_lines": [], "start_line": 26}, "": {"executed_lines": [1, 3, 4, 5, 6, 7, 9, 10, 12, 13, 15, 16, 17, 18, 21, 22, 25, 26, 27, 30, 33, 36, 44, 53, 63, 71, 76], "summary": {"covered_lines": 27, "num_statements": 46, "percent_covered": 58.69565217391305, "percent_covered_display": "59", "missing_lines": 19, "excluded_lines": 0, "percent_statements_covered": 58.69565217391305, "percent_statements_covered_display": "59"}, "missing_lines": [37, 38, 39, 40, 41, 46, 47, 48, 50, 55, 56, 57, 58, 60, 64, 68, 72, 73, 77], "excluded_lines": [], "start_line": 1}}}}, "totals": {"covered_lines": 27, "num_statements": 48, "percent_covered": 56.25, "percent_covered_display": "56", "missing_lines": 21, "excluded_lines": 0, "percent_statements_covered": 56.25, "percent_statements_covered_display": "56"}}